<?xml version="1.0" encoding="UTF-8"?>
<testsuite xmlns:xsi="http://www.w3.org/2001/XMLSchema-instance" xsi:noNamespaceSchemaLocation="https://maven.apache.org/surefire/maven-surefire-plugin/xsd/surefire-test-report-3.0.xsd" version="3.0" name="TestSuite" time="23.914" tests="14" errors="0" skipped="0" failures="0">
  <properties>
[...]
</properties>
  <testcase name="loginValido" classname="tests.homepage_test" time="2.495">
    <system-out><![CDATA[Titulo de la pagina: Error de privacidad
1. Titulo de la pagina: Your Store
]]></system-out>
    <system-err><![CDATA[SLF4J: Failed to load class "org.slf4j.impl.StaticLoggerBinder".
SLF4J: Defaulting to no-operation (NOP) logger implementation
SLF4J: See http://www.slf4j.org/codes.html#StaticLoggerBinder for further details.
ago 16, 2025 5:25:42 A.M. org.openqa.selenium.devtools.CdpVersionFinder findNearestMatch
WARNING: Unable to find CDP implementation matching 139
ago 16, 2025 5:25:42 A.M. org.openqa.selenium.chromium.ChromiumDriver lambda$new$5
WARNING: Unable to find version of CDP to use for 139.0.7258.128. You may need to include a dependency on a specific version of the CDP using something similar to `org.seleniumhq.selenium:selenium-devtools-v86:4.23.0` where the version ("v86") matches the version of the chromium-based browser you're using and the version number of the artifact is the same as Selenium's.
]]></system-err>
  </testcase>
  <testcase name="continuarRegistro" classname="tests.registerPage_test" time="2.683">
    <system-out><![CDATA[URL actual: https://opencart.abstracta.us/
2. Se registra correctamente el usuario
]]></system-out>
  </testcase>
  <testcase name="test_ver_productos" classname="tests.viewProducts_test" time="0.683">
    <system-out><![CDATA[3. Lista los produtos
]]></system-out>
  </testcase>
  <testcase name="test_agregar_producto" classname="tests.add_car_test" time="0.208">
    <system-out><![CDATA[4. Laptops & Notebooks
Ruta de donde estoy https://opencart.abstracta.us/index.php?route=product/category&path=18
]]></system-out>
  </testcase>
  <testcase name="test_realizar_busqueda" classname="tests.search_and_add_test" time="0.845"/>
  <testcase name="test_realizar_busqueda" classname="tests.delete_producto_test" time="0.452">
    <system-out><![CDATA[Ver productos del carrito
Seleccionado: MacBook Pro
]]></system-out>
  </testcase>
  <testcase name="agrega_nuevo_producto" classname="tests.add_new_product_test" time="0.166"/>
  <testcase name="ver_productos_carrito" classname="tests.add_new_product_test" time="0.418">
    <system-out><![CDATA[Ir a pagar
]]></system-out>
  </testcase>
  <testcase name="test_chekout_options" classname="tests.checkout_options_test" time="0.786"/>
  <testcase name="billl_details_test" classname="tests.billing_details_test" time="2.34"/>
  <testcase name="test_delivery_metohd" classname="tests.delivery_metohd_test" time="1.007"/>
  <testcase name="test_payment_method" classname="tests.payment_method_test" time="1.156"/>
  <testcase name="confirm_order_test" classname="tests.confirm_order_test" time="0.815"/>
  <testcase name="fogotten_password_test" classname="tests.forgotteh_password_test" time="0.002"/>
</testsuite>